0 info it worked if it ends with ok
1 verbose cli [ '/usr/local/Cellar/node/7.2.1/bin/node',
1 verbose cli   '/usr/local/bin/npm',
1 verbose cli   'run',
1 verbose cli   'buildclient' ]
2 info using npm@4.1.2
3 info using node@v7.2.1
4 verbose run-script [ 'prebuildclient', 'buildclient', 'postbuildclient' ]
5 info lifecycle node-express-typescript@0.0.0~prebuildclient: node-express-typescript@0.0.0
6 silly lifecycle node-express-typescript@0.0.0~prebuildclient: no script for prebuildclient, continuing
7 info lifecycle node-express-typescript@0.0.0~buildclient: node-express-typescript@0.0.0
8 verbose lifecycle node-express-typescript@0.0.0~buildclient: unsafe-perm in lifecycle true
9 verbose lifecycle node-express-typescript@0.0.0~buildclient: PATH: /usr/local/lib/node_modules/npm/bin/node-gyp-bin:/Users/xavier/src/labs/meanangular2b/node_modules/.bin:/Users/xavier/Library/Android/sdk/platform-tools:/Users/xavier/Library/Android/sdk/tools:/usr/local/bin:/usr/bin:/bin:/usr/sbin:/sbin:/usr/local/share/dotnet:/Applications/Wireshark.app/Contents/MacOS:/Users/xavier/Library/Android/sdk/platform-tools:/Users/xavier/Library/Android/sdk/tools
10 verbose lifecycle node-express-typescript@0.0.0~buildclient: CWD: /Users/xavier/src/labs/meanangular2b
11 silly lifecycle node-express-typescript@0.0.0~buildclient: Args: [ '-c', 'tsc -p client/ --outDir out/client/' ]
12 silly lifecycle node-express-typescript@0.0.0~buildclient: Returned: code: 2  signal: null
13 info lifecycle node-express-typescript@0.0.0~buildclient: Failed to exec buildclient script
14 verbose stack Error: node-express-typescript@0.0.0 buildclient: `tsc -p client/ --outDir out/client/`
14 verbose stack Exit status 2
14 verbose stack     at EventEmitter.<anonymous> (/usr/local/lib/node_modules/npm/lib/utils/lifecycle.js:279:16)
14 verbose stack     at emitTwo (events.js:106:13)
14 verbose stack     at EventEmitter.emit (events.js:191:7)
14 verbose stack     at ChildProcess.<anonymous> (/usr/local/lib/node_modules/npm/lib/utils/spawn.js:40:14)
14 verbose stack     at emitTwo (events.js:106:13)
14 verbose stack     at ChildProcess.emit (events.js:191:7)
14 verbose stack     at maybeClose (internal/child_process.js:885:16)
14 verbose stack     at Process.ChildProcess._handle.onexit (internal/child_process.js:226:5)
15 verbose pkgid node-express-typescript@0.0.0
16 verbose cwd /Users/xavier/src/labs/meanangular2b
17 error Darwin 16.4.0
18 error argv "/usr/local/Cellar/node/7.2.1/bin/node" "/usr/local/bin/npm" "run" "buildclient"
19 error node v7.2.1
20 error npm  v4.1.2
21 error code ELIFECYCLE
22 error node-express-typescript@0.0.0 buildclient: `tsc -p client/ --outDir out/client/`
22 error Exit status 2
23 error Failed at the node-express-typescript@0.0.0 buildclient script 'tsc -p client/ --outDir out/client/'.
23 error Make sure you have the latest version of node.js and npm installed.
23 error If you do, this is most likely a problem with the node-express-typescript package,
23 error not with npm itself.
23 error Tell the author that this fails on your system:
23 error     tsc -p client/ --outDir out/client/
23 error You can get information on how to open an issue for this project with:
23 error     npm bugs node-express-typescript
23 error Or if that isn't available, you can get their info via:
23 error     npm owner ls node-express-typescript
23 error There is likely additional logging output above.
24 verbose exit [ 1, true ]
